[debug] [2023-07-02T09:34:43.399Z] ----------------------------------------------------------------------
[debug] [2023-07-02T09:34:43.402Z] Command:       C:\Program Files\nodejs\node.exe C:\Program Files\nodejs\node_modules\firebase-tools\lib\bin\firebase.js init
[debug] [2023-07-02T09:34:43.402Z] CLI Version:   12.4.2
[debug] [2023-07-02T09:34:43.403Z] Platform:      win32
[debug] [2023-07-02T09:34:43.403Z] Node Version:  v16.15.1
[debug] [2023-07-02T09:34:43.415Z] Time:          Sun Jul 02 2023 16:34:43 GMT+0700 (Western Indonesia Time)
[debug] [2023-07-02T09:34:43.415Z] ----------------------------------------------------------------------
[debug] 
[debug] [2023-07-02T09:34:43.478Z] > command requires scopes: ["email","openid","https://www.googleapis.com/auth/cloudplatformprojects.readonly","https://www.googleapis.com/auth/firebase","https://www.googleapis.com/auth/cloud-platform"]
[debug] [2023-07-02T09:34:43.478Z] > authorizing via signed-in user (wisnucakraa@gmail.com)
[info] 
     ######## #### ########  ######## ########     ###     ######  ########
     ##        ##  ##     ## ##       ##     ##  ##   ##  ##       ##
     ######    ##  ########  ######   ########  #########  ######  ######
     ##        ##  ##    ##  ##       ##     ## ##     ##       ## ##
     ##       #### ##     ## ######## ########  ##     ##  ######  ########

You're about to initialize a Firebase project in this directory:

  D:\UCUP TAEK\surat-pengajuan-online

Before we get started, keep in mind:

  * You are initializing within an existing Firebase project directory

[info] 
=== Project Setup
[info] 
[info] First, let's associate this project directory with a Firebase project.
[info] You can create multiple project aliases by running firebase use --add, 
[info] but for now we'll just set up a default project.
[info] 
[debug] [2023-07-02T09:35:03.831Z] Using project from CLI flag: surat-pengajuan-online
[debug] [2023-07-02T09:35:03.835Z] > refreshing access token with scopes: []
[debug] [2023-07-02T09:35:03.840Z] >>> [apiv2][query] POST https://www.googleapis.com/oauth2/v3/token [none]
[debug] [2023-07-02T09:35:03.840Z] >>> [apiv2][body] POST https://www.googleapis.com/oauth2/v3/token [omitted]
[debug] [2023-07-02T09:35:04.129Z] <<< [apiv2][status] POST https://www.googleapis.com/oauth2/v3/token 200
[debug] [2023-07-02T09:35:04.129Z] <<< [apiv2][body] POST https://www.googleapis.com/oauth2/v3/token [omitted]
[debug] [2023-07-02T09:35:04.156Z] >>> [apiv2][query] GET https://firebase.googleapis.com/v1beta1/projects/surat-pengajuan-online [none]
[debug] [2023-07-02T09:35:04.598Z] <<< [apiv2][status] GET https://firebase.googleapis.com/v1beta1/projects/surat-pengajuan-online 200
[debug] [2023-07-02T09:35:04.599Z] <<< [apiv2][body] GET https://firebase.googleapis.com/v1beta1/projects/surat-pengajuan-online {"projectId":"surat-pengajuan-online","projectNumber":"458455112043","displayName":"surat-pengajuan-online","name":"projects/surat-pengajuan-online","resources":{"hostingSite":"surat-pengajuan-online"},"state":"ACTIVE","etag":"1_84edaf6b-d796-4814-b489-aaf589de634c"}
[info] i  Using project surat-pengajuan-online (surat-pengajuan-online) 
[info] 
=== Hosting Setup
[info] 
[info] Your public directory is the folder (relative to your project directory) that
[info] will contain Hosting assets to be uploaded with firebase deploy. If you
[info] have a build process for your assets, use your build's output directory.
[info] 
